\BOOKMARK [1][-]{section.1}{\376\377\133\236\232\214\166\356\166\204}{}% 1
\BOOKMARK [1][-]{section.2}{\376\377\133\236\232\214\217\307\172\013\124\214\150\070\137\303\116\343\170\001}{}% 2
\BOOKMARK [2][-]{subsection.2.1}{\376\377\133\236\232\214\136\163\123\360\116\016\163\257\130\203}{section.2}% 3
\BOOKMARK [2][-]{subsection.2.2}{\376\377\000V\000i\000L\000T\000\040\152\041\127\213\200\314\146\157}{section.2}% 4
\BOOKMARK [2][-]{subsection.2.3}{\376\377\150\070\137\303\116\343\170\001\162\107\153\265}{section.2}% 5
\BOOKMARK [3][-]{subsubsection.2.3.1}{\376\377\152\041\127\213\122\240\217\175}{subsection.2.3}% 6
\BOOKMARK [3][-]{subsubsection.2.3.2}{\376\377\123\125\153\041\225\356\173\124\143\250\164\006}{subsection.2.3}% 7
\BOOKMARK [3][-]{subsubsection.2.3.3}{\376\377\000T\000o\000p\000-\000K\000\040\173\124\150\110\217\223\121\372}{subsection.2.3}% 8
\BOOKMARK [1][-]{section.3}{\376\377\133\236\232\214\176\323\147\234}{}% 9
\BOOKMARK [2][-]{subsection.3.1}{\376\377\155\113\213\325\150\110\117\213\116\016\143\250\164\006\176\323\147\234}{section.3}% 10
\BOOKMARK [2][-]{subsection.3.2}{\376\377\133\214\145\164\155\113\213\325\217\223\121\372}{section.3}% 11
\BOOKMARK [2][-]{subsection.3.3}{\376\377\155\113\213\325\150\110\117\213\142\052\126\376}{section.3}% 12
\BOOKMARK [2][-]{subsection.3.4}{\376\377\123\357\211\306\123\026\176\323\147\234}{section.3}% 13
\BOOKMARK [3][-]{subsubsection.3.4.1}{\376\377\124\004\155\113\213\325\150\110\117\213\177\156\117\341\136\246\133\371\153\324}{subsection.3.4}% 14
\BOOKMARK [3][-]{subsubsection.3.4.2}{\376\377\000T\000o\000p\000-\0005\000\040\120\031\220\011\173\124\150\110\151\202\163\207\122\006\136\003}{subsection.3.4}% 15
\BOOKMARK [3][-]{subsubsection.3.4.3}{\376\377\173\124\150\110\177\156\117\341\136\246\135\356\120\074\122\006\147\220\377\010\152\041\127\213\123\072\122\006\136\246\377\011}{subsection.3.4}% 16
\BOOKMARK [3][-]{subsubsection.3.4.4}{\376\377\120\031\220\011\173\124\150\110\151\202\163\207\160\355\122\233\126\376}{subsection.3.4}% 17
\BOOKMARK [1][-]{section.4}{\376\377\176\323\147\234\122\006\147\220}{}% 18
\BOOKMARK [2][-]{subsection.4.1}{\376\377\121\306\170\156\163\207}{section.4}% 19
\BOOKMARK [2][-]{subsection.4.2}{\376\377\177\156\117\341\136\246\122\006\136\003\162\171\140\047}{section.4}% 20
\BOOKMARK [2][-]{subsection.4.3}{\376\377\000V\000i\000L\000T\000\040\147\266\147\204\117\030\122\277\122\006\147\220}{section.4}% 21
\BOOKMARK [1][-]{section.5}{\376\377\133\236\232\214\141\037\140\363}{}% 22
