\BOOKMARK [1][-]{section.1}{\376\377\133\236\232\214\166\356\166\204}{}% 1
\BOOKMARK [1][-]{section.2}{\376\377\145\160\143\156\116\016\163\257\130\203}{}% 2
\BOOKMARK [2][-]{subsection.2.1}{\376\377\145\160\143\156\226\306}{section.2}% 3
\BOOKMARK [2][-]{subsection.2.2}{\376\377\133\236\232\214\163\257\130\203}{section.2}% 4
\BOOKMARK [1][-]{section.3}{\376\377\145\271\154\325\213\276\213\241}{}% 5
\BOOKMARK [2][-]{subsection.3.1}{\376\377\165\050\142\067\123\117\124\014\217\307\156\344}{section.3}% 6
\BOOKMARK [2][-]{subsection.3.2}{\376\377\162\151\124\301\123\117\124\014\217\307\156\344}{section.3}% 7
\BOOKMARK [2][-]{subsection.3.3}{\376\377\127\372\116\216\121\205\133\271\166\204\143\250\203\120}{section.3}% 8
\BOOKMARK [2][-]{subsection.3.4}{\376\377\155\367\124\010\143\250\203\120}{section.3}% 9
\BOOKMARK [1][-]{section.4}{\376\377\133\236\232\214\176\323\147\234}{}% 10
\BOOKMARK [2][-]{subsection.4.1}{\376\377\140\073\117\123\143\007\150\007}{section.4}% 11
\BOOKMARK [2][-]{subsection.4.2}{\376\377\000R\000e\000c\000a\000l\000l\000@\000K\000\040\133\371\153\324}{section.4}% 12
\BOOKMARK [2][-]{subsection.4.3}{\376\377\147\103\221\315\142\153\143\317}{section.4}% 13
\BOOKMARK [1][-]{section.5}{\376\377\123\357\211\306\123\026\176\323\147\234}{}% 14
\BOOKMARK [2][-]{subsection.5.1}{\376\377\145\271\154\325\176\247\176\374\124\010\133\371\153\324}{section.5}% 15
\BOOKMARK [2][-]{subsection.5.2}{\376\377\000R\000e\000c\000a\000l\000l\000@\000K\000\040\116\016\147\103\221\315\123\330\123\026}{section.5}% 16
\BOOKMARK [2][-]{subsection.5.3}{\376\377\131\032\166\356\150\007\147\103\210\141\211\306\126\376}{section.5}% 17
\BOOKMARK [1][-]{section.6}{\376\377\122\006\147\220}{}% 18
\BOOKMARK [2][-]{subsection.6.1}{\376\377\123\354\126\336\210\150\163\260}{section.6}% 19
\BOOKMARK [2][-]{subsection.6.2}{\376\377\131\032\150\067\140\047\060\001\211\206\166\326\163\207\116\016\145\260\230\226\136\246}{section.6}% 20
\BOOKMARK [2][-]{subsection.6.3}{\376\377\147\103\221\315\176\323\213\272}{section.6}% 21
\BOOKMARK [2][-]{subsection.6.4}{\376\377\126\376\210\150\133\371\136\224\121\163\174\373}{section.6}% 22
\BOOKMARK [1][-]{section.7}{\376\377\176\323\213\272}{}% 23
\BOOKMARK [1][-]{section.8}{\376\377\131\015\163\260\213\364\146\016}{}% 24
