\BOOKMARK [1][-]{section.1}{\376\377\133\236\232\214\166\356\166\204}{}% 1
\BOOKMARK [1][-]{section.2}{\376\377\133\236\232\214\116\373\122\241\116\016\211\201\154\102}{}% 2
\BOOKMARK [1][-]{section.3}{\376\377\145\160\143\156\226\306\116\016\133\236\232\214\163\257\130\203}{}% 3
\BOOKMARK [2][-]{subsection.3.1}{\376\377\145\160\143\156\226\306\213\364\146\016}{section.3}% 4
\BOOKMARK [2][-]{subsection.3.2}{\376\377\133\236\232\214\163\257\130\203}{section.3}% 5
\BOOKMARK [1][-]{section.4}{\376\377\145\271\154\325\116\016\123\302\145\160\213\276\177\156}{}% 6
\BOOKMARK [2][-]{subsection.4.1}{\376\377\000T\000F\000-\000I\000D\000F\000\040\000+\000\040\000L\000o\000g\000i\000s\000t\000i\000c\000\040\000R\000e\000g\000r\000e\000s\000s\000i\000o\000n}{section.4}% 7
\BOOKMARK [2][-]{subsection.4.2}{\376\377\000T\000F\000-\000I\000D\000F\000\040\000+\000\040\000L\000i\000n\000e\000a\000r\000\040\000S\000V\000M}{section.4}% 8
\BOOKMARK [2][-]{subsection.4.3}{\376\377\000R\000N\000N\377\010\000E\000m\000b\000e\000d\000d\000i\000n\000g\000\040\000+\000\040\000L\000S\000T\000M\377\011}{section.4}% 9
\BOOKMARK [2][-]{subsection.4.4}{\376\377\213\304\116\367\143\007\150\007}{section.4}% 10
\BOOKMARK [1][-]{section.5}{\376\377\133\236\232\214\176\323\147\234}{}% 11
\BOOKMARK [2][-]{subsection.5.1}{\376\377\133\232\221\317\176\323\147\234\154\107\140\073}{section.5}% 12
\BOOKMARK [2][-]{subsection.5.2}{\376\377\145\164\117\123\140\047\200\375\123\357\211\306\123\026}{section.5}% 13
\BOOKMARK [1][-]{section.6}{\376\377\145\160\143\156\122\006\136\003\116\016\145\207\147\054\162\171\137\201\123\357\211\306\123\026}{}% 14
\BOOKMARK [1][-]{section.7}{\376\377\155\367\155\306\167\351\226\065\122\006\147\220}{}% 15
\BOOKMARK [1][-]{section.8}{\376\377\176\323\147\234\122\006\147\220}{}% 16
\BOOKMARK [2][-]{subsection.8.1}{\376\377\121\306\170\156\163\207\116\016\154\333\123\026\200\375\122\233}{section.8}% 17
\BOOKMARK [2][-]{subsection.8.2}{\376\377\145\110\163\207\133\371\153\324}{section.8}% 18
\BOOKMARK [2][-]{subsection.8.3}{\376\377\123\357\211\343\221\312\140\047}{section.8}% 19
\BOOKMARK [1][-]{section.9}{\376\377\133\236\232\214\176\323\213\272}{}% 20
\BOOKMARK [1][-]{section.10}{\376\377\131\015\163\260\213\364\146\016}{}% 21
